# JRE version: Java(TM) SE Runtime Environment (8.0_121-b13) (build 1.8.0_121-b13)
# Java VM: Java HotSpot(TM) 64-Bit Server VM (25.121-b13 mixed mode windows-amd64 compressed oops)
Heap:
 PSYoungGen      total 131584K, used 52385K [0x000000076b580000, 0x0000000778700000, 0x00000007c0000000)
  eden space 120832K, 34% used [0x000000076b580000,0x000000076de76d10,0x0000000772b80000)
  from space 10752K, 97% used [0x0000000773f00000,0x0000000774931a30,0x0000000774980000)
  to   space 19968K, 0% used [0x0000000772b80000,0x0000000772b80000,0x0000000773f00000)
 ParOldGen       total 134656K, used 26717K [0x00000006c2000000, 0x00000006ca380000, 0x000000076b580000)
  object space 134656K, 19% used [0x00000006c2000000,0x00000006c3a174d0,0x00000006ca380000)
 Metaspace       used 44540K, capacity 45740K, committed 45952K, reserved 1089536K
  class space    used 5626K, capacity 5971K, committed 6016K, reserved 1048576K
GC Heap History (10 events):
Event: 3.478 GC heap before
{Heap before GC invocations=6 (full 1):
 PSYoungGen      total 140800K, used 10736K [0x000000076b580000, 0x0000000774980000, 0x00000007c0000000)
  eden space 130048K, 0% used [0x000000076b580000,0x000000076b580000,0x0000000773480000)
  from space 10752K, 99% used [0x0000000773480000,0x0000000773efc030,0x0000000773f00000)
  to   space 10752K, 0% used [0x0000000773f00000,0x0000000773f00000,0x0000000774980000)
 ParOldGen       total 173568K, used 16585K [0x00000006c2000000, 0x00000006cc980000, 0x000000076b580000)
  object space 173568K, 9% used [0x00000006c2000000,0x00000006c30325a8,0x00000006cc980000)
 Metaspace       used 20567K, capacity 21120K, committed 21296K, reserved 1069056K
  class space    used 2452K, capacity 2652K, committed 2688K, reserved 1048576K
Event: 3.568 GC heap after
Heap after GC invocations=6 (full 1):
 PSYoungGen      total 140800K, used 0K [0x000000076b580000, 0x0000000774980000, 0x00000007c0000000)
  eden space 130048K, 0% used [0x000000076b580000,0x000000076b580000,0x0000000773480000)
  from space 10752K, 0% used [0x0000000773480000,0x0000000773480000,0x0000000773f00000)
  to   space 10752K, 0% used [0x0000000773f00000,0x0000000773f00000,0x0000000774980000)
 ParOldGen       total 134656K, used 23575K [0x00000006c2000000, 0x00000006ca380000, 0x000000076b580000)
  object space 134656K, 17% used [0x00000006c2000000,0x00000006c3705c90,0x00000006ca380000)
 Metaspace       used 20567K, capacity 21120K, committed 21296K, reserved 1069056K
  class space    used 2452K, capacity 2652K, committed 2688K, reserved 1048576K
}
Event: 4.691 GC heap before
{Heap before GC invocations=7 (full 1):
 PSYoungGen      total 140800K, used 130048K [0x000000076b580000, 0x0000000774980000, 0x00000007c0000000)
  eden space 130048K, 100% used [0x000000076b580000,0x0000000773480000,0x0000000773480000)
  from space 10752K, 0% used [0x0000000773480000,0x0000000773480000,0x0000000773f00000)
  to   space 10752K, 0% used [0x0000000773f00000,0x0000000773f00000,0x0000000774980000)
 ParOldGen       total 134656K, used 23575K [0x00000006c2000000, 0x00000006ca380000, 0x000000076b580000)
  object space 134656K, 17% used [0x00000006c2000000,0x00000006c3705c90,0x00000006ca380000)
 Metaspace       used 34308K, capacity 35224K, committed 35496K, reserved 1081344K
  class space    used 4189K, capacity 4482K, committed 4608K, reserved 1048576K
Event: 4.699 GC heap after
Heap after GC invocations=7 (full 1):
 PSYoungGen      total 140800K, used 10738K [0x000000076b580000, 0x0000000774980000, 0x00000007c0000000)
  eden space 130048K, 0% used [0x000000076b580000,0x000000076b580000,0x0000000773480000)
  from space 10752K, 99% used [0x0000000773f00000,0x000000077497cac8,0x0000000774980000)
  to   space 10752K, 0% used [0x0000000773480000,0x0000000773480000,0x0000000773f00000)
 ParOldGen       total 134656K, used 28301K [0x00000006c2000000, 0x00000006ca380000, 0x000000076b580000)
  object space 134656K, 21% used [0x00000006c2000000,0x00000006c3ba3560,0x00000006ca380000)
 Metaspace       used 34308K, capacity 35224K, committed 35496K, reserved 1081344K
  class space    used 4189K, capacity 4482K, committed 4608K, reserved 1048576K
}
Event: 4.765 GC heap before
{Heap before GC invocations=8 (full 1):
 PSYoungGen      total 140800K, used 47685K [0x000000076b580000, 0x0000000774980000, 0x00000007c0000000)
  eden space 130048K, 28% used [0x000000076b580000,0x000000076d994998,0x0000000773480000)
  from space 10752K, 99% used [0x0000000773f00000,0x000000077497cac8,0x0000000774980000)
  to   space 10752K, 0% used [0x0000000773480000,0x0000000773480000,0x0000000773f00000)
 ParOldGen       total 134656K, used 28301K [0x00000006c2000000, 0x00000006ca380000, 0x000000076b580000)
  object space 134656K, 21% used [0x00000006c2000000,0x00000006c3ba3560,0x00000006ca380000)
 Metaspace       used 34449K, capacity 35308K, committed 35496K, reserved 1081344K
  class space    used 4204K, capacity 4488K, committed 4608K, reserved 1048576K
Event: 4.769 GC heap after
Heap after GC invocations=8 (full 1):
 PSYoungGen      total 140800K, used 5765K [0x000000076b580000, 0x0000000774980000, 0x00000007c0000000)
  eden space 130048K, 0% used [0x000000076b580000,0x000000076b580000,0x0000000773480000)
  from space 10752K, 53% used [0x0000000773480000,0x0000000773a21470,0x0000000773f00000)
  to   space 10752K, 0% used [0x0000000773f00000,0x0000000773f00000,0x0000000774980000)
 ParOldGen       total 134656K, used 28309K [0x00000006c2000000, 0x00000006ca380000, 0x000000076b580000)
  object space 134656K, 21% used [0x00000006c2000000,0x00000006c3ba5560,0x00000006ca380000)
 Metaspace       used 34449K, capacity 35308K, committed 35496K, reserved 1081344K
  class space    used 4204K, capacity 4488K, committed 4608K, reserved 1048576K
}
Event: 4.769 GC heap before
{Heap before GC invocations=9 (full 2):
 PSYoungGen      total 140800K, used 5765K [0x000000076b580000, 0x0000000774980000, 0x00000007c0000000)
  eden space 130048K, 0% used [0x000000076b580000,0x000000076b580000,0x0000000773480000)
  from space 10752K, 53% used [0x0000000773480000,0x0000000773a21470,0x0000000773f00000)
  to   space 10752K, 0% used [0x0000000773f00000,0x0000000773f00000,0x0000000774980000)
 ParOldGen       total 134656K, used 28309K [0x00000006c2000000, 0x00000006ca380000, 0x000000076b580000)
  object space 134656K, 21% used [0x00000006c2000000,0x00000006c3ba5560,0x00000006ca380000)
 Metaspace       used 34449K, capacity 35308K, committed 35496K, reserved 1081344K
  class space    used 4204K, capacity 4488K, committed 4608K, reserved 1048576K
Event: 4.836 GC heap after
Heap after GC invocations=9 (full 2):
 PSYoungGen      total 140800K, used 0K [0x000000076b580000, 0x0000000774980000, 0x00000007c0000000)
  eden space 130048K, 0% used [0x000000076b580000,0x000000076b580000,0x0000000773480000)
  from space 10752K, 0% used [0x0000000773480000,0x0000000773480000,0x0000000773f00000)
  to   space 10752K, 0% used [0x0000000773f00000,0x0000000773f00000,0x0000000774980000)
 ParOldGen       total 134656K, used 26709K [0x00000006c2000000, 0x00000006ca380000, 0x000000076b580000)
  object space 134656K, 19% used [0x00000006c2000000,0x00000006c3a154d0,0x00000006ca380000)
 Metaspace       used 34449K, capacity 35308K, committed 35496K, reserved 1081344K
  class space    used 4204K, capacity 4488K, committed 4608K, reserved 1048576K
}
Event: 6.010 GC heap before
{Heap before GC invocations=10 (full 2):
 PSYoungGen      total 140800K, used 130048K [0x000000076b580000, 0x0000000774980000, 0x00000007c0000000)
  eden space 130048K, 100% used [0x000000076b580000,0x0000000773480000,0x0000000773480000)
  from space 10752K, 0% used [0x0000000773480000,0x0000000773480000,0x0000000773f00000)
  to   space 10752K, 0% used [0x0000000773f00000,0x0000000773f00000,0x0000000774980000)
 ParOldGen       total 134656K, used 26709K [0x00000006c2000000, 0x00000006ca380000, 0x000000076b580000)
  object space 134656K, 19% used [0x00000006c2000000,0x00000006c3a154d0,0x00000006ca380000)
 Metaspace       used 41281K, capacity 42520K, committed 42752K, reserved 1087488K
  class space    used 5218K, capacity 5545K, committed 5632K, reserved 1048576K
Event: 6.017 GC heap after
Heap after GC invocations=10 (full 2):
 PSYoungGen      total 131584K, used 10438K [0x000000076b580000, 0x0000000778700000, 0x00000007c0000000)
  eden space 120832K, 0% used [0x000000076b580000,0x000000076b580000,0x0000000772b80000)
  from space 10752K, 97% used [0x0000000773f00000,0x0000000774931a30,0x0000000774980000)
  to   space 19968K, 0% used [0x0000000772b80000,0x0000000772b80000,0x0000000773f00000)
 ParOldGen       total 134656K, used 26717K [0x00000006c2000000, 0x00000006ca380000, 0x000000076b580000)
  object space 134656K, 19% used [0x00000006c2000000,0x00000006c3a174d0,0x00000006ca380000)
 Metaspace       used 41281K, capacity 42520K, committed 42752K, reserved 1087488K
  class space    used 5218K, capacity 5545K, committed 5632K, reserved 1048576K
}

